2018-Dec-20 09:34:44.599 <INFO> - Getting subscribe info - /home/palber/work/quasar/daemons/src/pushd/PushdEndpoint.cc:136 [0xf2fff440]
2018-Dec-20 09:34:44.607 <WARN> - Error sending request to https://quasar.yandex.net/push_subscribe?device_id=FF98F0108E22724846F8520E&uuid=792980920: Could not resolve host: quasar.yandex.net. 0 attempts left - /home/palber/work/quasar/daemons/src/base/HttpClient.cc:105 [0xf2fff440]
2018-Dec-20 09:34:44.608 <ERROR> - Exception in main loop Cannot get 'https://quasar.yandex.net/push_subscribe?device_id=FF98F0108E22724846F8520E&uuid=792980920': Could not resolve host: quasar.yandex.net - /home/palber/work/quasar/daemons/src/pushd/PushdEndpoint.cc:107 [0xf2fff440]
2018-Dec-20 09:34:44.608 <INFO> - Reconnecting in 60seconds - /home/palber/work/quasar/daemons/src/pushd/PushdEndpoint.cc:111 [0xf2fff440]
2018-Dec-20 09:35:44.608 <INFO> - Authorized: uuid=792980920, deviceId=FF98F0108E22724846F8520E - /home/palber/work/quasar/daemons/src/pushd/PushdEndpoint.cc:120 [0xf2fff440]
2018-Dec-20 09:35:44.609 <INFO> - Getting subscribe info - /home/palber/work/quasar/daemons/src/pushd/PushdEndpoint.cc:136 [0xf2fff440]
2018-Dec-20 09:35:44.614 <WARN> - Error sending request to https://quasar.yandex.net/push_subscribe?device_id=FF98F0108E22724846F8520E&uuid=792980920: Could not resolve host: quasar.yandex.net. 0 attempts left - /home/palber/work/quasar/daemons/src/base/HttpClient.cc:105 [0xf2fff440]
2018-Dec-20 09:35:44.615 <ERROR> - Exception in main loop Cannot get 'https://quasar.yandex.net/push_subscribe?device_id=FF98F0108E22724846F8520E&uuid=792980920': Could not resolve host: quasar.yandex.net - /home/palber/work/quasar/daemons/src/pushd/PushdEndpoint.cc:107 [0xf2fff440]
2018-Dec-20 09:35:44.615 <INFO> - Reconnecting in 60seconds - /home/palber/work/quasar/daemons/src/pushd/PushdEndpoint.cc:111 [0xf2fff440]
2018-Dec-20 09:36:44.615 <INFO> - Authorized: uuid=792980920, deviceId=FF98F0108E22724846F8520E - /home/palber/work/quasar/daemons/src/pushd/PushdEndpoint.cc:120 [0xf2fff440]
2018-Dec-20 09:36:44.616 <INFO> - Getting subscribe info - /home/palber/work/quasar/daemons/src/pushd/PushdEndpoint.cc:136 [0xf2fff440]
2018-Dec-20 09:36:44.621 <WARN> - Error sending request to https://quasar.yandex.net/push_subscribe?device_id=FF98F0108E22724846F8520E&uuid=792980920: Could not resolve host: quasar.yandex.net. 0 attempts left - /home/palber/work/quasar/daemons/src/base/HttpClient.cc:105 [0xf2fff440]
2018-Dec-20 09:36:44.622 <ERROR> - Exception in main loop Cannot get 'https://quasar.yandex.net/push_subscribe?device_id=FF98F0108E22724846F8520E&uuid=792980920': Could not resolve host: quasar.yandex.net - /home/palber/work/quasar/daemons/src/pushd/PushdEndpoint.cc:107 [0xf2fff440]
2018-Dec-20 09:36:44.622 <INFO> - Reconnecting in 60seconds - /home/palber/work/quasar/daemons/src/pushd/PushdEndpoint.cc:111 [0xf2fff440]
2018-Dec-20 09:37:44.622 <INFO> - Authorized: uuid=792980920, deviceId=FF98F0108E22724846F8520E - /home/palber/work/quasar/daemons/src/pushd/PushdEndpoint.cc:120 [0xf2fff440]
2018-Dec-20 09:37:44.623 <INFO> - Getting subscribe info - /home/palber/work/quasar/daemons/src/pushd/PushdEndpoint.cc:136 [0xf2fff440]
2018-Dec-20 09:37:44.633 <WARN> - Error sending request to https://quasar.yandex.net/push_subscribe?device_id=FF98F0108E22724846F8520E&uuid=792980920: Could not resolve host: quasar.yandex.net. 0 attempts left - /home/palber/work/quasar/daemons/src/base/HttpClient.cc:105 [0xf2fff440]
2018-Dec-20 09:37:44.634 <ERROR> - Exception in main loop Cannot get 'https://quasar.yandex.net/push_subscribe?device_id=FF98F0108E22724846F8520E&uuid=792980920': Could not resolve host: quasar.yandex.net - /home/palber/work/quasar/daemons/src/pushd/PushdEndpoint.cc:107 [0xf2fff440]
2018-Dec-20 09:37:44.634 <INFO> - Reconnecting in 60seconds - /home/palber/work/quasar/daemons/src/pushd/PushdEndpoint.cc:111 [0xf2fff440]
2018-Dec-20 09:38:44.634 <INFO> - Authorized: uuid=792980920, deviceId=FF98F0108E22724846F8520E - /home/palber/work/quasar/daemons/src/pushd/PushdEndpoint.cc:120 [0xf2fff440]
2018-Dec-20 09:38:44.634 <INFO> - Getting subscribe info - /home/palber/work/quasar/daemons/src/pushd/PushdEndpoint.cc:136 [0xf2fff440]
2018-Dec-20 09:38:44.640 <WARN> - Error sending request to https://quasar.yandex.net/push_subscribe?device_id=FF98F0108E22724846F8520E&uuid=792980920: Could not resolve host: quasar.yandex.net. 0 attempts left - /home/palber/work/quasar/daemons/src/base/HttpClient.cc:105 [0xf2fff440]
2018-Dec-20 09:38:44.641 <ERROR> - Exception in main loop Cannot get 'https://quasar.yandex.net/push_subscribe?device_id=FF98F0108E22724846F8520E&uuid=792980920': Could not resolve host: quasar.yandex.net - /home/palber/work/quasar/daemons/src/pushd/PushdEndpoint.cc:107 [0xf2fff440]
2018-Dec-20 09:38:44.641 <INFO> - Reconnecting in 60seconds - /home/palber/work/quasar/daemons/src/pushd/PushdEndpoint.cc:111 [0xf2fff440]
2018-Dec-20 09:39:44.641 <INFO> - Authorized: uuid=792980920, deviceId=FF98F0108E22724846F8520E - /home/palber/work/quasar/daemons/src/pushd/PushdEndpoint.cc:120 [0xf2fff440]
2018-Dec-20 09:39:44.641 <INFO> - Getting subscribe info - /home/palber/work/quasar/daemons/src/pushd/PushdEndpoint.cc:136 [0xf2fff440]
2018-Dec-20 09:39:44.652 <WARN> - Error sending request to https://quasar.yandex.net/push_subscribe?device_id=FF98F0108E22724846F8520E&uuid=792980920: Could not resolve host: quasar.yandex.net. 0 attempts left - /home/palber/work/quasar/daemons/src/base/HttpClient.cc:105 [0xf2fff440]
2018-Dec-20 09:39:44.653 <ERROR> - Exception in main loop Cannot get 'https://quasar.yandex.net/push_subscribe?device_id=FF98F0108E22724846F8520E&uuid=792980920': Could not resolve host: quasar.yandex.net - /home/palber/work/quasar/daemons/src/pushd/PushdEndpoint.cc:107 [0xf2fff440]
2018-Dec-20 09:39:44.653 <INFO> - Reconnecting in 60seconds - /home/palber/work/quasar/daemons/src/pushd/PushdEndpoint.cc:111 [0xf2fff440]
2018-Dec-20 09:40:44.653 <INFO> - Authorized: uuid=792980920, deviceId=FF98F0108E22724846F8520E - /home/palber/work/quasar/daemons/src/pushd/PushdEndpoint.cc:120 [0xf2fff440]
2018-Dec-20 09:40:44.653 <INFO> - Getting subscribe info - /home/palber/work/quasar/daemons/src/pushd/PushdEndpoint.cc:136 [0xf2fff440]
2018-Dec-20 09:40:44.664 <WARN> - Error sending request to https://quasar.yandex.net/push_subscribe?device_id=FF98F0108E22724846F8520E&uuid=792980920: Could not resolve host: quasar.yandex.net. 0 attempts left - /home/palber/work/quasar/daemons/src/base/HttpClient.cc:105 [0xf2fff440]
2018-Dec-20 09:40:44.665 <ERROR> - Exception in main loop Cannot get 'https://quasar.yandex.net/push_subscribe?device_id=FF98F0108E22724846F8520E&uuid=792980920': Could not resolve host: quasar.yandex.net - /home/palber/work/quasar/daemons/src/pushd/PushdEndpoint.cc:107 [0xf2fff440]
2018-Dec-20 09:40:44.665 <INFO> - Reconnecting in 60seconds - /home/palber/work/quasar/daemons/src/pushd/PushdEndpoint.cc:111 [0xf2fff440]
2018-Dec-20 09:41:44.665 <INFO> - Authorized: uuid=792980920, deviceId=FF98F0108E22724846F8520E - /home/palber/work/quasar/daemons/src/pushd/PushdEndpoint.cc:120 [0xf2fff440]
2018-Dec-20 09:41:44.666 <INFO> - Getting subscribe info - /home/palber/work/quasar/daemons/src/pushd/PushdEndpoint.cc:136 [0xf2fff440]
2018-Dec-20 09:41:44.672 <WARN> - Error sending request to https://quasar.yandex.net/push_subscribe?device_id=FF98F0108E22724846F8520E&uuid=792980920: Could not resolve host: quasar.yandex.net. 0 attempts left - /home/palber/work/quasar/daemons/src/base/HttpClient.cc:105 [0xf2fff440]
2018-Dec-20 09:41:44.672 <ERROR> - Exception in main loop Cannot get 'https://quasar.yandex.net/push_subscribe?device_id=FF98F0108E22724846F8520E&uuid=792980920': Could not resolve host: quasar.yandex.net - /home/palber/work/quasar/daemons/src/pushd/PushdEndpoint.cc:107 [0xf2fff440]
2018-Dec-20 09:41:44.672 <INFO> - Reconnecting in 60seconds - /home/palber/work/quasar/daemons/src/pushd/PushdEndpoint.cc:111 [0xf2fff440]
2018-Dec-20 09:42:06.781 <INFO> - Pushd stopping... - /home/palber/work/quasar/daemons/src/pushd/PushdEndpoint.cc:73 [0xf769e010]
2018-Dec-20 09:42:06.787 <INFO> - MainLoop is out - /home/palber/work/quasar/daemons/src/pushd/PushdEndpoint.cc:115 [0xf2fff440]
