2018-Dec-20 09:27:40.299 <INFO> - Protocol version candidate: 0 - /home/palber/work/quasar/daemons/src/sound_initd/soundUtils.cc:113 [0xf2cff440]
2018-Dec-20 09:27:40.301 <INFO> - Protocol version candidate: 0 - /home/palber/work/quasar/daemons/src/sound_initd/soundUtils.cc:113 [0xf2cff440]
2018-Dec-20 09:27:40.301 <INFO> - Source protocol version is: 0 - /home/palber/work/quasar/daemons/src/sound_initd/SoundDataReceiver.cc:168 [0xf2cff440]
2018-Dec-20 09:27:40.301 <INFO> - Successful parsing: Credentials{ wifiType=3, SSID='', SSIDHashCode=-7144, password='password', xTokenCode='4tp5t5fpgzokwkig'} - /home/palber/work/quasar/daemons/src/sound_initd/SoundInitEndpoint.cc:350 [0xf2cff440]
2018-Dec-20 09:27:40.303 <INFO> - Sending wifi connect request to firstrund: {"password":"password","plain":true,"ssid":["ssid"],"stopAccessPoint":false,"wifi_type":"UNKNOWN","xtoken_code":"4tp5t5fpgzokwkig"}
 - /home/palber/work/quasar/daemons/src/sound_initd/SoundInitEndpoint.cc:403 [0xf2cff440]
2018-Dec-20 09:28:00.321 <INFO> - Unsuccessfully initialized. - /home/palber/work/quasar/daemons/src/sound_initd/SoundInitEndpoint.cc:313 [0xf2cff440]
2018-Dec-20 09:30:02.731 <INFO> - Started recording - /home/palber/work/quasar/daemons/src/sound_initd/SoundDataReceiver.cc:116 [0xf2cff440]
2018-Dec-20 09:30:02.731 <INFO> - Last dominantAmplitude: 804602 - /home/palber/work/quasar/daemons/src/sound_initd/SoundDataReceiver.cc:117 [0xf2cff440]
2018-Dec-20 09:30:06.427 <INFO> - Protocol version candidate: 0 - /home/palber/work/quasar/daemons/src/sound_initd/soundUtils.cc:113 [0xf2cff440]
2018-Dec-20 09:30:06.427 <INFO> - Protocol version candidate: 0 - /home/palber/work/quasar/daemons/src/sound_initd/soundUtils.cc:113 [0xf2cff440]
2018-Dec-20 09:30:06.427 <INFO> - Source protocol version is: 0 - /home/palber/work/quasar/daemons/src/sound_initd/SoundDataReceiver.cc:168 [0xf2cff440]
2018-Dec-20 09:30:06.429 <INFO> - Successful parsing: Credentials{ wifiType=3, SSID='', SSIDHashCode=-7144, password='password', xTokenCode='oaqpcnazpbpvqarx'} - /home/palber/work/quasar/daemons/src/sound_initd/SoundInitEndpoint.cc:350 [0xf2cff440]
2018-Dec-20 09:30:06.431 <INFO> - Sending wifi connect request to firstrund: {"password":"password","plain":true,"ssid":["ssid"],"stopAccessPoint":false,"wifi_type":"UNKNOWN","xtoken_code":"oaqpcnazpbpvqarx"}
 - /home/palber/work/quasar/daemons/src/sound_initd/SoundInitEndpoint.cc:403 [0xf2cff440]
2018-Dec-20 09:30:26.540 <INFO> - Unsuccessfully initialized. - /home/palber/work/quasar/daemons/src/sound_initd/SoundInitEndpoint.cc:313 [0xf2cff440]
2018-Dec-20 09:36:44.023 <INFO> - Started recording - /home/palber/work/quasar/daemons/src/sound_initd/SoundDataReceiver.cc:116 [0xf2cff440]
2018-Dec-20 09:36:44.023 <INFO> - Last dominantAmplitude: 1.72776e+06 - /home/palber/work/quasar/daemons/src/sound_initd/SoundDataReceiver.cc:117 [0xf2cff440]
2018-Dec-20 09:36:47.751 <INFO> - Protocol version candidate: 0 - /home/palber/work/quasar/daemons/src/sound_initd/soundUtils.cc:113 [0xf2cff440]
2018-Dec-20 09:36:47.751 <INFO> - Protocol version candidate: 0 - /home/palber/work/quasar/daemons/src/sound_initd/soundUtils.cc:113 [0xf2cff440]
2018-Dec-20 09:36:47.751 <INFO> - Source protocol version is: 0 - /home/palber/work/quasar/daemons/src/sound_initd/SoundDataReceiver.cc:168 [0xf2cff440]
2018-Dec-20 09:36:47.752 <INFO> - Successful parsing: Credentials{ wifiType=3, SSID='', SSIDHashCode=-7144, password='password', xTokenCode='hf7rfqwggemku7ui'} - /home/palber/work/quasar/daemons/src/sound_initd/SoundInitEndpoint.cc:350 [0xf2cff440]
2018-Dec-20 09:36:47.754 <INFO> - Sending wifi connect request to firstrund: {"password":"password","plain":true,"ssid":["ssid"],"stopAccessPoint":false,"wifi_type":"UNKNOWN","xtoken_code":"hf7rfqwggemku7ui"}
 - /home/palber/work/quasar/daemons/src/sound_initd/SoundInitEndpoint.cc:403 [0xf2cff440]
2018-Dec-20 09:37:07.765 <INFO> - Unsuccessfully initialized. - /home/palber/work/quasar/daemons/src/sound_initd/SoundInitEndpoint.cc:313 [0xf2cff440]
2018-Dec-20 09:38:35.895 <INFO> - Started recording - /home/palber/work/quasar/daemons/src/sound_initd/SoundDataReceiver.cc:116 [0xf2cff440]
2018-Dec-20 09:38:35.895 <INFO> - Last dominantAmplitude: 470804 - /home/palber/work/quasar/daemons/src/sound_initd/SoundDataReceiver.cc:117 [0xf2cff440]
2018-Dec-20 09:38:39.567 <INFO> - Protocol version candidate: 0 - /home/palber/work/quasar/daemons/src/sound_initd/soundUtils.cc:113 [0xf2cff440]
2018-Dec-20 09:38:39.568 <INFO> - Protocol version candidate: 0 - /home/palber/work/quasar/daemons/src/sound_initd/soundUtils.cc:113 [0xf2cff440]
2018-Dec-20 09:38:39.568 <INFO> - Source protocol version is: 0 - /home/palber/work/quasar/daemons/src/sound_initd/SoundDataReceiver.cc:168 [0xf2cff440]
2018-Dec-20 09:38:39.569 <INFO> - Successful parsing: Credentials{ wifiType=3, SSID='', SSIDHashCode=-7144, password='password', xTokenCode='ffymo2kkvalmpocq'} - /home/palber/work/quasar/daemons/src/sound_initd/SoundInitEndpoint.cc:350 [0xf2cff440]
2018-Dec-20 09:38:39.572 <INFO> - Sending wifi connect request to firstrund: {"password":"password","plain":true,"ssid":["ssid"],"stopAccessPoint":false,"wifi_type":"UNKNOWN","xtoken_code":"ffymo2kkvalmpocq"}
 - /home/palber/work/quasar/daemons/src/sound_initd/SoundInitEndpoint.cc:403 [0xf2cff440]
2018-Dec-20 09:39:00.242 <INFO> - Unsuccessfully initialized. - /home/palber/work/quasar/daemons/src/sound_initd/SoundInitEndpoint.cc:313 [0xf2cff440]
2018-Dec-20 09:41:55.531 <INFO> - Started recording - /home/palber/work/quasar/daemons/src/sound_initd/SoundDataReceiver.cc:116 [0xf2cff440]
2018-Dec-20 09:41:55.531 <INFO> - Last dominantAmplitude: 783566 - /home/palber/work/quasar/daemons/src/sound_initd/SoundDataReceiver.cc:117 [0xf2cff440]
2018-Dec-20 09:41:59.255 <INFO> - Protocol version candidate: 0 - /home/palber/work/quasar/daemons/src/sound_initd/soundUtils.cc:113 [0xf2cff440]
2018-Dec-20 09:41:59.255 <INFO> - Protocol version candidate: 0 - /home/palber/work/quasar/daemons/src/sound_initd/soundUtils.cc:113 [0xf2cff440]
2018-Dec-20 09:41:59.255 <INFO> - Source protocol version is: 0 - /home/palber/work/quasar/daemons/src/sound_initd/SoundDataReceiver.cc:168 [0xf2cff440]
2018-Dec-20 09:41:59.256 <INFO> - Successful parsing: Credentials{ wifiType=3, SSID='', SSIDHashCode=-7144, password='password', xTokenCode='46uj67vd2gfgkurc'} - /home/palber/work/quasar/daemons/src/sound_initd/SoundInitEndpoint.cc:350 [0xf2cff440]
2018-Dec-20 09:41:59.258 <INFO> - Sending wifi connect request to firstrund: {"password":"password","plain":true,"ssid":["ssid"],"stopAccessPoint":false,"wifi_type":"UNKNOWN","xtoken_code":"46uj67vd2gfgkurc"}
 - /home/palber/work/quasar/daemons/src/sound_initd/SoundInitEndpoint.cc:403 [0xf2cff440]
2018-Dec-20 09:42:19.277 <INFO> - Unsuccessfully initialized. - /home/palber/work/quasar/daemons/src/sound_initd/SoundInitEndpoint.cc:313 [0xf2cff440]
2018-Dec-20 09:42:19.280 <INFO> - Sound data receiver stopped. - /home/palber/work/quasar/daemons/src/sound_initd/SoundDataReceiver.cc:58 [0xf77a1010]
2018-Dec-20 09:42:19.287 <INFO> - Init mode set to 0 - /home/palber/work/quasar/daemons/src/sound_initd/SoundInitEndpoint.cc:107 [0xf77a1010]
