2018-Dec-20 09:41:58.425 <WARN> - Error sending request to http://quasar.yandex.net/generate_204: Could not resolve host: quasar.yandex.net. 0 attempts left - /home/palber/work/quasar/daemons/src/base/HttpClient.cc:105 [0xf4aff440]
2018-Dec-20 09:41:58.425 <INFO> - Received monitorEvent:  <3>CTRL-EVENT-SCAN-STARTED  - /home/palber/work/quasar/daemons/src/wifid/WifiManager.cc:689 [0xf66b6440]
2018-Dec-20 09:41:58.425 <INFO> - No network selected - /home/palber/work/quasar/daemons/src/wifid/WifiEndpoint.cc:750 [0xf4aff440]
2018-Dec-20 09:41:59.257 <INFO> - Process wifi list - /home/palber/work/quasar/daemons/src/wifid/WifiEndpoint.cc:208 [0xf5cff440]
2018-Dec-20 09:41:59.257 <INFO> - Connecting to wifi ssid - /home/palber/work/quasar/daemons/src/wifid/WifiEndpoint.cc:287 [0xf5cff440]
2018-Dec-20 09:41:59.257 <INFO> - Trying to identify wifi type from scan results - /home/palber/work/quasar/daemons/src/wifid/WifiEndpoint.cc:449 [0xf5cff440]
2018-Dec-20 09:41:59.257 <INFO> - buffer size: 237 - /home/palber/work/quasar/daemons/src/wifid/WifiManager.cc:312 [0xf5cff440]
2018-Dec-20 09:41:59.257 <INFO> - Connecting to wifi [SSID=ssid BSSID=XX:XX:XX:XX:XX:XX level=-39 caps=[WPA2-PSK-CCMP+TKIP][ESS]] - /home/palber/work/quasar/daemons/src/wifid/WifiEndpoint.cc:469 [0xf5cff440]
2018-Dec-20 09:41:59.257 <INFO> - WifiType: WPA - /home/palber/work/quasar/daemons/src/wifid/WifiEndpoint.cc:471 [0xf5cff440]
2018-Dec-20 09:41:59.257 <INFO> - Connecting to wifi ssid, type: WPA - /home/palber/work/quasar/daemons/src/wifid/WifiUtils.cc:56 [0xf5cff440]
2018-Dec-20 09:41:59.257 <INFO> - networkId = 0 - /home/palber/work/quasar/daemons/src/wifid/WifiUtils.cc:96 [0xf5cff440]
2018-Dec-20 09:41:59.257 <INFO> - Wifi state: SCANNING - /home/palber/work/quasar/daemons/src/wifid/WifiUtils.cc:111 [0xf5cff440]
2018-Dec-20 09:41:59.257 <INFO> - Waiting for CONNECTED state - /home/palber/work/quasar/daemons/src/wifid/WifiEndpoint.cc:333 [0xf5cff440]
2018-Dec-20 09:41:59.257 <INFO> - Check internet availability - /home/palber/work/quasar/daemons/src/wifid/WifiEndpoint.cc:693 [0xf4aff440]
2018-Dec-20 09:41:59.257 <WARN> - Error sending request to http://quasar.yandex.net/generate_204: Could not resolve host: quasar.yandex.net. 1 attempts left - /home/palber/work/quasar/daemons/src/base/HttpClient.cc:105 [0xf4aff440]
2018-Dec-20 09:42:00.078 <INFO> - Received monitorEvent:  <3>CTRL-EVENT-SCAN-RESULTS  - /home/palber/work/quasar/daemons/src/wifid/WifiManager.cc:689 [0xf66b6440]
2018-Dec-20 09:42:00.078 <INFO> - buffer size: 237 - /home/palber/work/quasar/daemons/src/wifid/WifiManager.cc:312 [0xf66b6440]
2018-Dec-20 09:42:00.078 <INFO> - scanResults 3 - /home/palber/work/quasar/daemons/src/wifid/WifiManager.cc:696 [0xf66b6440]
2018-Dec-20 09:42:00.078 <INFO> - Received monitorEvent:  <3>Trying to associate with XX:XX:XX:XX:XX:XX (SSID='ssid' freq=2422 MHz) - /home/palber/work/quasar/daemons/src/wifid/WifiManager.cc:689 [0xf66b6440]
2018-Dec-20 09:42:00.078 <INFO> - Received monitorEvent:  <3>Associated with XX:XX:XX:XX:XX:XX - /home/palber/work/quasar/daemons/src/wifid/WifiManager.cc:689 [0xf66b6440]
2018-Dec-20 09:42:00.078 <INFO> - Received monitorEvent:  <3>CTRL-EVENT-SUBNET-STATUS-UPDATE status=0 - /home/palber/work/quasar/daemons/src/wifid/WifiManager.cc:689 [0xf66b6440]
2018-Dec-20 09:42:00.078 <INFO> - Received monitorEvent:  <3>WPA: Key negotiation completed with XX:XX:XX:XX:XX:XX [PTK=CCMP GTK=TKIP] - /home/palber/work/quasar/daemons/src/wifid/WifiManager.cc:689 [0xf66b6440]
2018-Dec-20 09:42:00.078 <INFO> - Received monitorEvent:  <3>CTRL-EVENT-CONNECTED - Connection to XX:XX:XX:XX:XX:XX completed [id=0 id_str=] - /home/palber/work/quasar/daemons/src/wifid/WifiManager.cc:689 [0xf66b6440]
2018-Dec-20 09:42:00.078 <INFO> - Supplicant state changed info: CTRL-EVENT-CONNECTED - /home/palber/work/quasar/daemons/src/wifid/WifiEndpoint.cc:566 [0xf66b6440]
2018-Dec-20 09:42:00.078 <INFO> - Wifi status checked: CONNECTED_NO_INTERNET[internetReachable: NO, connectivityState: CONNECTED] - /home/palber/work/quasar/daemons/src/wifid/WifiEndpoint.cc:803 [0xf66b6440]
2018-Dec-20 09:42:00.078 <INFO> - Wifi status changed to CONNECTED_NO_INTERNET speed LOW - /home/palber/work/quasar/daemons/src/wifid/WifiEndpoint.cc:832 [0xf66b6440]
2018-Dec-20 09:42:00.078 <INFO> - Network state was changed: CONNECTED - /home/palber/work/quasar/daemons/src/wifid/WifiEndpoint.cc:571 [0xf66b6440]
2018-Dec-20 09:42:00.078 <INFO> - Connected to wifi - /home/palber/work/quasar/daemons/src/wifid/WifiEndpoint.cc:339 [0xf5cff440]
2018-Dec-20 09:42:00.078 <INFO> - Waiting for Internet - /home/palber/work/quasar/daemons/src/wifid/WifiEndpoint.cc:493 [0xf5cff440]
2018-Dec-20 09:42:00.078 <WARN> - Error sending request to http://quasar.yandex.net/generate_204: Could not resolve host: quasar.yandex.net. 0 attempts left - /home/palber/work/quasar/daemons/src/base/HttpClient.cc:105 [0xf4aff440]
2018-Dec-20 09:42:00.078 <INFO> - Checked internet availability: 0 - /home/palber/work/quasar/daemons/src/wifid/WifiEndpoint.cc:744 [0xf4aff440]
2018-Dec-20 09:42:00.078 <INFO> - Wifi status checked: CONNECTED_NO_INTERNET[internetReachable: NO, connectivityState: CONNECTED] - /home/palber/work/quasar/daemons/src/wifid/WifiEndpoint.cc:803 [0xf4aff440]
2018-Dec-20 09:42:01.465 <INFO> - Check internet availability - /home/palber/work/quasar/daemons/src/wifid/WifiEndpoint.cc:693 [0xf4aff440]
2018-Dec-20 09:42:01.465 <WARN> - Error sending request to http://quasar.yandex.net/generate_204: Could not resolve host: quasar.yandex.net. 1 attempts left - /home/palber/work/quasar/daemons/src/base/HttpClient.cc:105 [0xf4aff440]
2018-Dec-20 09:42:01.465 <WARN> - Error sending request to http://quasar.yandex.net/generate_204: Could not resolve host: quasar.yandex.net. 0 attempts left - /home/palber/work/quasar/daemons/src/base/HttpClient.cc:105 [0xf4aff440]
2018-Dec-20 09:42:01.465 <INFO> - Checked internet availability: 0 - /home/palber/work/quasar/daemons/src/wifid/WifiEndpoint.cc:744 [0xf4aff440]
2018-Dec-20 09:42:01.465 <INFO> - Wifi status checked: CONNECTED_NO_INTERNET[internetReachable: NO, connectivityState: CONNECTED] - /home/palber/work/quasar/daemons/src/wifid/WifiEndpoint.cc:803 [0xf4aff440]
2018-Dec-20 09:42:02.981 <INFO> - Check internet availability - /home/palber/work/quasar/daemons/src/wifid/WifiEndpoint.cc:693 [0xf4aff440]
2018-Dec-20 09:42:02.981 <WARN> - Error sending request to http://quasar.yandex.net/generate_204: Could not resolve host: quasar.yandex.net. 1 attempts left - /home/palber/work/quasar/daemons/src/base/HttpClient.cc:105 [0xf4aff440]
2018-Dec-20 09:42:03.493 <WARN> - Error sending request to http://quasar.yandex.net/generate_204: Could not resolve host: quasar.yandex.net. 0 attempts left - /home/palber/work/quasar/daemons/src/base/HttpClient.cc:105 [0xf4aff440]
2018-Dec-20 09:42:03.493 <INFO> - Checked internet availability: 0 - /home/palber/work/quasar/daemons/src/wifid/WifiEndpoint.cc:744 [0xf4aff440]
2018-Dec-20 09:42:03.493 <INFO> - Wifi status checked: CONNECTED_NO_INTERNET[internetReachable: NO, connectivityState: CONNECTED] - /home/palber/work/quasar/daemons/src/wifid/WifiEndpoint.cc:803 [0xf4aff440]
2018-Dec-20 09:42:04.498 <INFO> - Check internet availability - /home/palber/work/quasar/daemons/src/wifid/WifiEndpoint.cc:693 [0xf4aff440]
2018-Dec-20 09:42:04.498 <WARN> - Error sending request to http://quasar.yandex.net/generate_204: Could not resolve host: quasar.yandex.net. 1 attempts left - /home/palber/work/quasar/daemons/src/base/HttpClient.cc:105 [0xf4aff440]
2018-Dec-20 09:42:05.010 <WARN> - Error sending request to http://quasar.yandex.net/generate_204: Could not resolve host: quasar.yandex.net. 0 attempts left - /home/palber/work/quasar/daemons/src/base/HttpClient.cc:105 [0xf4aff440]
2018-Dec-20 09:42:05.010 <INFO> - Checked internet availability: 0 - /home/palber/work/quasar/daemons/src/wifid/WifiEndpoint.cc:744 [0xf4aff440]
2018-Dec-20 09:42:05.010 <INFO> - Wifi status checked: CONNECTED_NO_INTERNET[internetReachable: NO, connectivityState: CONNECTED] - /home/palber/work/quasar/daemons/src/wifid/WifiEndpoint.cc:803 [0xf4aff440]
2018-Dec-20 09:42:06.015 <INFO> - Check internet availability - /home/palber/work/quasar/daemons/src/wifid/WifiEndpoint.cc:693 [0xf4aff440]
2018-Dec-20 09:42:06.015 <INFO> - Checking wifi speed - /home/palber/work/quasar/daemons/src/wifid/WifiEndpoint.cc:625 [0xf4aff440]
2018-Dec-20 09:42:06.015 <INFO> - Waiting for Internet done in 6.1 seconds - /home/palber/work/quasar/daemons/src/wifid/WifiEndpoint.cc:498 [0xf5cff440]
2018-Dec-20 09:42:07.267 <WARN> - Error sending request to https://quasar.yandex.net/static/speed/200kb: Operation timed out after 1001 milliseconds with 73728 out of 204800 bytes received. 1 attempts left - /home/palber/work/quasar/daemons/src/base/HttpClient.cc:105 [0xf4aff440]
2018-Dec-20 09:42:08.781 <WARN> - Error sending request to https://quasar.yandex.net/static/speed/200kb: Operation timed out after 1000 milliseconds with 114688 out of 204800 bytes received. 0 attempts left - /home/palber/work/quasar/daemons/src/base/HttpClient.cc:105 [0xf4aff440]
2018-Dec-20 09:42:08.781 <ERROR> - Can't download test file try # 0 Cannot get 'https://quasar.yandex.net/static/speed/200kb': Operation timed out after 1000 milliseconds with 114688 out of 204800 bytes received - /home/palber/work/quasar/daemons/src/wifid/WifiEndpoint.cc:668 [0xf4aff440]
2018-Dec-20 09:42:08.781 <INFO> - Checked internet availability: 1 - /home/palber/work/quasar/daemons/src/wifid/WifiEndpoint.cc:744 [0xf4aff440]
2018-Dec-20 09:42:08.781 <INFO> - Wifi status checked: CONNECTED[internetReachable: YES, connectivityState: CONNECTED] - /home/palber/work/quasar/daemons/src/wifid/WifiEndpoint.cc:803 [0xf4aff440]
2018-Dec-20 09:42:08.781 <INFO> - Wifi status changed to CONNECTED speed LOW - /home/palber/work/quasar/daemons/src/wifid/WifiEndpoint.cc:832 [0xf4aff440]
2018-Dec-20 09:42:09.423 <INFO> - "/system/vendor/quasar/ntpdate -p 1 3.pool.ntp.org" returned 0 - /home/palber/work/quasar/daemons/src/wifid/WifiEndpoint.cc:374 [0xf5cff440]
